{"/home/danchetto/projects/calculator/index.js":{"path":"/home/danchetto/projects/calculator/index.js","s":{"1":1,"2":1,"3":2,"4":2,"5":4,"6":1,"7":60,"8":11,"9":7,"10":7,"11":4,"12":3,"13":4,"14":8,"15":8,"16":8,"17":8,"18":30,"19":17,"20":13,"21":2,"22":11,"23":6,"24":7,"25":6,"26":8,"27":8,"28":2,"29":6,"30":10,"31":30,"32":10,"33":1,"34":9,"35":9,"36":5,"37":1},"b":{"1":[7,4],"2":[17,13],"3":[2,11],"4":[2,6],"5":[10,20],"6":[1,9]},"f":{"1":1,"2":60,"3":11,"4":8,"5":8},"fnMap":{"1":{"name":"(anonymous_1)","line":4,"loc":{"start":{"line":4,"column":15},"end":{"line":4,"column":18}}},"2":{"name":"(anonymous_2)","line":24,"loc":{"start":{"line":24,"column":11},"end":{"line":24,"column":18}}},"3":{"name":"(anonymous_3)","line":29,"loc":{"start":{"line":29,"column":15},"end":{"line":29,"column":37}}},"4":{"name":"(anonymous_4)","line":41,"loc":{"start":{"line":41,"column":16},"end":{"line":41,"column":22}}},"5":{"name":"(anonymous_5)","line":61,"loc":{"start":{"line":61,"column":13},"end":{"line":61,"column":19}}}},"statementMap":{"1":{"start":{"line":5,"column":8},"end":{"line":13,"column":10}},"2":{"start":{"line":15,"column":8},"end":{"line":20,"column":10}},"3":{"start":{"line":16,"column":27},"end":{"line":16,"column":32}},"4":{"start":{"line":17,"column":27},"end":{"line":17,"column":32}},"5":{"start":{"line":18,"column":27},"end":{"line":18,"column":32}},"6":{"start":{"line":19,"column":27},"end":{"line":19,"column":32}},"7":{"start":{"line":25,"column":8},"end":{"line":25,"column":37}},"8":{"start":{"line":30,"column":8},"end":{"line":33,"column":9}},"9":{"start":{"line":31,"column":12},"end":{"line":31,"column":29}},"10":{"start":{"line":32,"column":12},"end":{"line":32,"column":19}},"11":{"start":{"line":35,"column":8},"end":{"line":37,"column":9}},"12":{"start":{"line":36,"column":12},"end":{"line":36,"column":37}},"13":{"start":{"line":38,"column":8},"end":{"line":38,"column":25}},"14":{"start":{"line":42,"column":8},"end":{"line":42,"column":24}},"15":{"start":{"line":43,"column":8},"end":{"line":43,"column":23}},"16":{"start":{"line":44,"column":8},"end":{"line":44,"column":29}},"17":{"start":{"line":45,"column":8},"end":{"line":54,"column":9}},"18":{"start":{"line":46,"column":12},"end":{"line":53,"column":13}},"19":{"start":{"line":47,"column":16},"end":{"line":47,"column":40}},"20":{"start":{"line":49,"column":16},"end":{"line":51,"column":17}},"21":{"start":{"line":50,"column":20},"end":{"line":50,"column":35}},"22":{"start":{"line":52,"column":16},"end":{"line":52,"column":61}},"23":{"start":{"line":55,"column":8},"end":{"line":57,"column":9}},"24":{"start":{"line":56,"column":12},"end":{"line":56,"column":37}},"25":{"start":{"line":58,"column":8},"end":{"line":58,"column":22}},"26":{"start":{"line":62,"column":8},"end":{"line":62,"column":42}},"27":{"start":{"line":63,"column":8},"end":{"line":65,"column":9}},"28":{"start":{"line":64,"column":12},"end":{"line":64,"column":24}},"29":{"start":{"line":66,"column":8},"end":{"line":76,"column":9}},"30":{"start":{"line":67,"column":12},"end":{"line":75,"column":13}},"31":{"start":{"line":68,"column":16},"end":{"line":74,"column":17}},"32":{"start":{"line":69,"column":20},"end":{"line":71,"column":21}},"33":{"start":{"line":70,"column":24},"end":{"line":70,"column":38}},"34":{"start":{"line":72,"column":20},"end":{"line":72,"column":101}},"35":{"start":{"line":73,"column":20},"end":{"line":73,"column":26}},"36":{"start":{"line":77,"column":8},"end":{"line":77,"column":20}},"37":{"start":{"line":81,"column":0},"end":{"line":81,"column":32}}},"branchMap":{"1":{"line":30,"type":"if","locations":[{"start":{"line":30,"column":8},"end":{"line":30,"column":8}},{"start":{"line":30,"column":8},"end":{"line":30,"column":8}}]},"2":{"line":46,"type":"if","locations":[{"start":{"line":46,"column":12},"end":{"line":46,"column":12}},{"start":{"line":46,"column":12},"end":{"line":46,"column":12}}]},"3":{"line":49,"type":"if","locations":[{"start":{"line":49,"column":16},"end":{"line":49,"column":16}},{"start":{"line":49,"column":16},"end":{"line":49,"column":16}}]},"4":{"line":63,"type":"if","locations":[{"start":{"line":63,"column":8},"end":{"line":63,"column":8}},{"start":{"line":63,"column":8},"end":{"line":63,"column":8}}]},"5":{"line":68,"type":"if","locations":[{"start":{"line":68,"column":16},"end":{"line":68,"column":16}},{"start":{"line":68,"column":16},"end":{"line":68,"column":16}}]},"6":{"line":69,"type":"if","locations":[{"start":{"line":69,"column":20},"end":{"line":69,"column":20}},{"start":{"line":69,"column":20},"end":{"line":69,"column":20}}]}}}}