{"/home/danchetto/projects/calculator/index.js":{"path":"/home/danchetto/projects/calculator/index.js","s":{"1":1,"2":1,"3":2,"4":2,"5":4,"6":1,"7":1,"8":67,"9":12,"10":8,"11":8,"12":4,"13":3,"14":4,"15":10,"16":10,"17":10,"18":10,"19":35,"20":1,"21":34,"22":20,"23":14,"24":2,"25":12,"26":7,"27":8,"28":7,"29":10,"30":10,"31":3,"32":7,"33":11,"34":33,"35":11,"36":1,"37":10,"38":10,"39":6,"40":1},"b":{"1":[8,4],"2":[1,34],"3":[35,2],"4":[20,14],"5":[2,12],"6":[3,7],"7":[11,22],"8":[1,10]},"f":{"1":1,"2":67,"3":12,"4":10,"5":10},"fnMap":{"1":{"name":"(anonymous_1)","line":4,"loc":{"start":{"line":4,"column":15},"end":{"line":4,"column":18}}},"2":{"name":"(anonymous_2)","line":23,"loc":{"start":{"line":23,"column":11},"end":{"line":23,"column":18}}},"3":{"name":"(anonymous_3)","line":28,"loc":{"start":{"line":28,"column":15},"end":{"line":28,"column":37}}},"4":{"name":"(anonymous_4)","line":40,"loc":{"start":{"line":40,"column":16},"end":{"line":40,"column":24}}},"5":{"name":"(anonymous_5)","line":63,"loc":{"start":{"line":63,"column":13},"end":{"line":63,"column":19}}}},"statementMap":{"1":{"start":{"line":5,"column":8},"end":{"line":11,"column":10}},"2":{"start":{"line":13,"column":8},"end":{"line":19,"column":10}},"3":{"start":{"line":14,"column":27},"end":{"line":14,"column":32}},"4":{"start":{"line":15,"column":27},"end":{"line":15,"column":32}},"5":{"start":{"line":16,"column":27},"end":{"line":16,"column":32}},"6":{"start":{"line":17,"column":27},"end":{"line":17,"column":32}},"7":{"start":{"line":18,"column":27},"end":{"line":18,"column":41}},"8":{"start":{"line":24,"column":8},"end":{"line":24,"column":50}},"9":{"start":{"line":29,"column":8},"end":{"line":32,"column":9}},"10":{"start":{"line":30,"column":12},"end":{"line":30,"column":29}},"11":{"start":{"line":31,"column":12},"end":{"line":31,"column":19}},"12":{"start":{"line":34,"column":8},"end":{"line":36,"column":9}},"13":{"start":{"line":35,"column":12},"end":{"line":35,"column":37}},"14":{"start":{"line":37,"column":8},"end":{"line":37,"column":25}},"15":{"start":{"line":41,"column":8},"end":{"line":41,"column":26}},"16":{"start":{"line":42,"column":8},"end":{"line":42,"column":25}},"17":{"start":{"line":43,"column":8},"end":{"line":43,"column":33}},"18":{"start":{"line":44,"column":8},"end":{"line":56,"column":9}},"19":{"start":{"line":45,"column":12},"end":{"line":47,"column":13}},"20":{"start":{"line":46,"column":16},"end":{"line":46,"column":30}},"21":{"start":{"line":48,"column":12},"end":{"line":55,"column":13}},"22":{"start":{"line":49,"column":16},"end":{"line":49,"column":37}},"23":{"start":{"line":51,"column":16},"end":{"line":53,"column":17}},"24":{"start":{"line":52,"column":20},"end":{"line":52,"column":35}},"25":{"start":{"line":54,"column":16},"end":{"line":54,"column":58}},"26":{"start":{"line":57,"column":8},"end":{"line":59,"column":9}},"27":{"start":{"line":58,"column":12},"end":{"line":58,"column":37}},"28":{"start":{"line":60,"column":8},"end":{"line":60,"column":22}},"29":{"start":{"line":64,"column":8},"end":{"line":64,"column":44}},"30":{"start":{"line":65,"column":8},"end":{"line":67,"column":9}},"31":{"start":{"line":66,"column":12},"end":{"line":66,"column":27}},"32":{"start":{"line":68,"column":8},"end":{"line":78,"column":9}},"33":{"start":{"line":69,"column":12},"end":{"line":77,"column":13}},"34":{"start":{"line":70,"column":16},"end":{"line":76,"column":17}},"35":{"start":{"line":71,"column":20},"end":{"line":73,"column":21}},"36":{"start":{"line":72,"column":24},"end":{"line":72,"column":38}},"37":{"start":{"line":74,"column":20},"end":{"line":74,"column":101}},"38":{"start":{"line":75,"column":20},"end":{"line":75,"column":26}},"39":{"start":{"line":79,"column":8},"end":{"line":79,"column":20}},"40":{"start":{"line":83,"column":0},"end":{"line":83,"column":32}}},"branchMap":{"1":{"line":29,"type":"if","locations":[{"start":{"line":29,"column":8},"end":{"line":29,"column":8}},{"start":{"line":29,"column":8},"end":{"line":29,"column":8}}]},"2":{"line":45,"type":"if","locations":[{"start":{"line":45,"column":12},"end":{"line":45,"column":12}},{"start":{"line":45,"column":12},"end":{"line":45,"column":12}}]},"3":{"line":45,"type":"binary-expr","locations":[{"start":{"line":45,"column":16},"end":{"line":45,"column":32}},{"start":{"line":45,"column":36},"end":{"line":45,"column":56}}]},"4":{"line":48,"type":"if","locations":[{"start":{"line":48,"column":12},"end":{"line":48,"column":12}},{"start":{"line":48,"column":12},"end":{"line":48,"column":12}}]},"5":{"line":51,"type":"if","locations":[{"start":{"line":51,"column":16},"end":{"line":51,"column":16}},{"start":{"line":51,"column":16},"end":{"line":51,"column":16}}]},"6":{"line":65,"type":"if","locations":[{"start":{"line":65,"column":8},"end":{"line":65,"column":8}},{"start":{"line":65,"column":8},"end":{"line":65,"column":8}}]},"7":{"line":70,"type":"if","locations":[{"start":{"line":70,"column":16},"end":{"line":70,"column":16}},{"start":{"line":70,"column":16},"end":{"line":70,"column":16}}]},"8":{"line":71,"type":"if","locations":[{"start":{"line":71,"column":20},"end":{"line":71,"column":20}},{"start":{"line":71,"column":20},"end":{"line":71,"column":20}}]}}}}