TN:
SF:/home/danchetto/projects/calculator/index.js
FN:4,(anonymous_1)
FN:23,(anonymous_2)
FN:28,(anonymous_3)
FN:40,(anonymous_4)
FN:63,(anonymous_5)
FNF:5
FNH:5
FNDA:1,(anonymous_1)
FNDA:70,(anonymous_2)
FNDA:13,(anonymous_3)
FNDA:11,(anonymous_4)
FNDA:11,(anonymous_5)
DA:5,1
DA:13,1
DA:14,2
DA:15,2
DA:16,4
DA:17,1
DA:18,1
DA:24,70
DA:29,13
DA:30,9
DA:31,9
DA:34,4
DA:35,3
DA:37,4
DA:41,11
DA:42,11
DA:43,11
DA:44,11
DA:45,38
DA:46,1
DA:48,37
DA:49,21
DA:51,16
DA:52,3
DA:54,13
DA:57,7
DA:58,8
DA:60,7
DA:64,11
DA:65,11
DA:66,4
DA:68,7
DA:69,11
DA:70,33
DA:71,11
DA:72,1
DA:74,10
DA:75,10
DA:79,6
DA:83,1
LF:40
LH:40
BRDA:29,1,0,9
BRDA:29,1,1,4
BRDA:45,2,0,1
BRDA:45,2,1,37
BRDA:45,3,0,38
BRDA:45,3,1,2
BRDA:48,4,0,21
BRDA:48,4,1,16
BRDA:51,5,0,3
BRDA:51,5,1,13
BRDA:65,6,0,4
BRDA:65,6,1,7
BRDA:70,7,0,11
BRDA:70,7,1,22
BRDA:71,8,0,1
BRDA:71,8,1,10
BRF:16
BRH:16
end_of_record
