TN:
SF:/home/danchetto/projects/calculator/index.js
FN:4,(anonymous_1)
FN:23,(anonymous_2)
FN:28,(anonymous_3)
FN:40,(anonymous_4)
FN:63,(anonymous_5)
FNF:5
FNH:5
FNDA:1,(anonymous_1)
FNDA:67,(anonymous_2)
FNDA:12,(anonymous_3)
FNDA:10,(anonymous_4)
FNDA:10,(anonymous_5)
DA:5,1
DA:13,1
DA:14,2
DA:15,2
DA:16,4
DA:17,1
DA:18,1
DA:24,67
DA:29,12
DA:30,8
DA:31,8
DA:34,4
DA:35,3
DA:37,4
DA:41,10
DA:42,10
DA:43,10
DA:44,10
DA:45,35
DA:46,1
DA:48,34
DA:49,20
DA:51,14
DA:52,2
DA:54,12
DA:57,7
DA:58,8
DA:60,7
DA:64,10
DA:65,10
DA:66,3
DA:68,7
DA:69,11
DA:70,33
DA:71,11
DA:72,1
DA:74,10
DA:75,10
DA:79,6
DA:83,1
LF:40
LH:40
BRDA:29,1,0,8
BRDA:29,1,1,4
BRDA:45,2,0,1
BRDA:45,2,1,34
BRDA:45,3,0,35
BRDA:45,3,1,2
BRDA:48,4,0,20
BRDA:48,4,1,14
BRDA:51,5,0,2
BRDA:51,5,1,12
BRDA:65,6,0,3
BRDA:65,6,1,7
BRDA:70,7,0,11
BRDA:70,7,1,22
BRDA:71,8,0,1
BRDA:71,8,1,10
BRF:16
BRH:16
end_of_record
